[2022-02-17T16:36:07.096954+00:00] lbs.log.ERROR: GET http://api.commande.local:19080/commande/ : malformed uri [] []
[2022-02-17T16:45:34.627828+00:00] lbs.log.ERROR: POST http://api.commande.local:19080/commandes/ : bad method - GET wanted [] []
[2022-02-18T21:31:23.831254+00:00] lbs.log.ERROR: GET http://api.commande.local:19080/favicon.ico : malformed uri [] []
[2022-02-18T21:31:25.843686+00:00] lbs.log.ERROR: GET http://api.commande.local:19080/commande/ : malformed uri [] []
[2022-02-18T21:31:27.472012+00:00] lbs.log.ERROR: GET http://api.commande.local:19080/favicon.ico : malformed uri [] []
[2022-02-18T21:31:35.440037+00:00] lbs.log.ERROR: GET http://api.commande.local:19080/favicon.ico : malformed uri [] []
[2022-02-18T21:33:41.841391+00:00] lbs.log.ERROR: POST http://api.commande.local:19080/hello/alicia : bad method - GET wanted [] []
[2022-02-18T21:34:37.608036+00:00] lbs.log.ERROR: error | 500 | internal server error: Call to undefined function getBody() | /var/www/public/index.phpline: 44 [] []
[2022-02-18T21:34:39.096467+00:00] lbs.log.ERROR: GET http://api.commande.local:19080/favicon.ico : malformed uri [] []
[2022-02-18T21:34:53.995803+00:00] lbs.log.ERROR: GET http://api.commande.local:19080/favicon.ico : malformed uri [] []
[2022-02-18T21:35:03.856742+00:00] lbs.log.ERROR: error | 500 | internal server error: Call to undefined function getBody() | /var/www/public/index.phpline: 44 [] []
[2022-02-18T21:35:05.439534+00:00] lbs.log.ERROR: GET http://api.commande.local:19080/favicon.ico : malformed uri [] []
[2022-02-18T21:35:19.640283+00:00] lbs.log.ERROR: GET http://api.commande.local:19080/favicon.ico : malformed uri [] []
[2022-02-18T22:15:00.115362+00:00] lbs.log.ERROR: GET http://api.commande.local:19080/favicon.ico : malformed uri [] []
[2022-02-18T22:19:02.451787+00:00] lbs.log.ERROR: error | 500 | internal server error: Argument 3 passed to lbs\command\app\errors\Writer::json_error() must be of the type string, null given, called in /var/www/src/app/controller/CommandeController.php on line 124 | /var/www/src/app/errors/Writer.phpline: 11 [] []
[2022-02-18T22:25:06.582849+00:00] lbs.log.ERROR: bad ressource : http://api.commande.local:19080/commandes/a95144d2-1a31-458f-8665-35f571105665 [] []
[2022-02-26T21:32:26.517005+00:00] lbs.log.ERROR: GET http://api.commande.local:19080/ : malformed uri [] []
[2022-02-26T21:32:29.443181+00:00] lbs.log.ERROR: GET http://api.commande.local:19080/favicon.ico : malformed uri [] []
[2022-02-26T21:32:52.911714+00:00] lbs.log.ERROR: GET http://api.commande.local:19080/ : malformed uri [] []
[2022-02-26T21:40:05.437374+00:00] lbs.log.ERROR: GET http://api.commande.local:19080/favicon.ico : malformed uri [] []
[2022-02-26T21:43:24.614147+00:00] lbs.log.ERROR: GET http://api.commande.local:19080/favicon.ico : malformed uri [] []
[2022-02-26T21:53:42.356060+00:00] lbs.log.ERROR: GET http://api.commande.local:19080/favicon.ico : malformed uri [] []
[2022-02-26T21:53:58.826114+00:00] lbs.log.ERROR: GET http://api.commande.local:19080/favicon.ico : malformed uri [] []
[2022-02-26T21:55:26.209657+00:00] lbs.log.ERROR: GET http://api.commande.local:19080/favicon.ico : malformed uri [] []
[2022-02-26T22:09:43.178448+00:00] lbs.log.ERROR: GET http://api.commande.local:19080/favicon.ico : malformed uri [] []
[2022-02-26T22:27:07.854085+00:00] lbs.log.ERROR: error | 500 | syntax error, unexpected '=', expecting ']' | /var/www/src/app/controller/CommandeController.phpline: 31 [] []
