[2022-03-15T16:10:27.373923+00:00] lbs.log.ERROR: GET http://api.authentification.local:19090/ : malformed uri [] []
[2022-03-15T16:20:02.260632+00:00] lbs.log.ERROR: error | 500 | Return value of lbs\authentification\app\controller\AuthentificationController::authenticate() must implement interface Psr\Http\Message\ResponseInterface, none returned | /var/www/src/app/controller/AuthentificationController.phpline: 73 [] []
[2022-03-15T16:33:36.892692+00:00] lbs.log.ERROR: GET http://Michelle.Boucher@live.com:$2y$10$8Tn6NvvQ2ZUFLxE4xu6QCObRFlWyqeM.QrJy9VlxFY4JVE4kdvky6@api.authentification.local:19090/ : malformed uri [] []
[2022-03-15T16:33:43.924129+00:00] lbs.log.ERROR: GET http://Michelle.Boucher@live.com:$2y$10$8Tn6NvvQ2ZUFLxE4xu6QCObRFlWyqeM.QrJy9VlxFY4JVE4kdvky6@api.authentification.local:19090/ : malformed uri [] []
[2022-03-15T16:38:35.910716+00:00] lbs.log.ERROR: error | 500 | Return value of lbs\authentification\app\controller\AuthentificationController::authenticate() must implement interface Psr\Http\Message\ResponseInterface, none returned | /var/www/src/app/controller/AuthentificationController.phpline: 78 [] []
[2022-03-15T16:38:52.429507+00:00] lbs.log.ERROR: error | 500 | Return value of lbs\authentification\app\controller\AuthentificationController::authenticate() must implement interface Psr\Http\Message\ResponseInterface, int returned | /var/www/src/app/controller/AuthentificationController.phpline: 76 [] []
[2022-03-15T16:40:04.569554+00:00] lbs.log.ERROR: GET http://Michelle.Boucher@live.com:Boucher@api.authentification.local:19090/ : malformed uri [] []
[2022-03-17T16:48:53.824051+00:00] lbs.log.ERROR: GET http://api.authentification.local:19090/auth : bad method - POST wanted [] []
[2022-03-17T16:48:57.634949+00:00] lbs.log.ERROR: GET http://api.authentification.local:19090/favicon.ico : malformed uri [] []
[2022-03-17T16:49:02.832119+00:00] lbs.log.ERROR: GET http://api.authentification.local:19090/auth : bad method - POST wanted [] []
[2022-03-17T16:49:05.018317+00:00] lbs.log.ERROR: GET http://api.authentification.local:19090/favicon.ico : malformed uri [] []
[2022-03-17T16:49:14.158312+00:00] lbs.log.ERROR: GET http://api.authentification.local:19090/auth/ : bad method - POST wanted [] []
[2022-03-17T16:49:15.693147+00:00] lbs.log.ERROR: GET http://api.authentification.local:19090/favicon.ico : malformed uri [] []
[2022-03-17T16:49:50.123955+00:00] lbs.log.ERROR: GET http://api.authentification.local:19090/auth/ : malformed uri [] []
[2022-03-17T16:49:51.251155+00:00] lbs.log.ERROR: GET http://api.authentification.local:19090/favicon.ico : malformed uri [] []
[2022-03-17T16:53:36.800756+00:00] lbs.log.ERROR: GET http://api.authentification.local:19090/auth : bad method - POST wanted [] []
[2022-03-17T16:53:38.061848+00:00] lbs.log.ERROR: GET http://api.authentification.local:19090/favicon.ico : malformed uri [] []
[2022-03-18T10:32:18.181149+00:00] lbs.log.ERROR: error | 500 | Class 'Firebase\JWT\JWT' not found | /var/www/src/app/controller/AuthentificationController.phpline: 59 [] []
[2022-03-18T10:33:03.866122+00:00] lbs.log.ERROR: error | 500 | Class 'Firebase\JWT\JWT' not found | /var/www/src/app/controller/AuthentificationController.phpline: 59 [] []
[2022-03-18T10:42:47.675555+00:00] lbs.log.ERROR: GET http://api.authentification.local:19090/acess : malformed uri [] []
[2022-03-18T10:43:06.349811+00:00] lbs.log.ERROR: error | 500 | Return value of lbs\authentification\app\controller\AuthentificationController::checkToken() must implement interface Psr\Http\Message\ResponseInterface, none returned | /var/www/src/app/controller/AuthentificationController.phpline: 110 [] []
[2022-03-18T10:43:17.714732+00:00] lbs.log.ERROR: error | 500 | Return value of lbs\authentification\app\controller\AuthentificationController::checkToken() must implement interface Psr\Http\Message\ResponseInterface, none returned | /var/www/src/app/controller/AuthentificationController.phpline: 110 [] []
